<?xml version="1.0" encoding="UTF-8"?>
<coverage generated="1632510665731" clover="3.2.0">
  <project timestamp="1632510665731" name="All files">
    <metrics statements="3" coveredstatements="3" conditionals="1" coveredconditionals="0" methods="2" coveredmethods="2" elements="6" coveredelements="5" complexity="0" loc="3" ncloc="3" packages="1" files="1" classes="1"/>
    <file name="withPrecision.ts" path="/Users/lmonninger/Desktop/Dev/cogint/packages/Test/tulleries/src/Number/withPrecision.ts">
      <metrics statements="3" coveredstatements="3" conditionals="1" coveredconditionals="0" methods="2" coveredmethods="2"/>
      <line num="1" count="1" type="stmt"/>
      <line num="10" count="77" type="cond" truecount="0" falsecount="1"/>
      <line num="11" count="77" type="stmt"/>
    </file>
  </project>
</coverage>
