{"/Users/lmonninger/Desktop/Dev/cogint/packages/Test/tulleries/src/Function/functionsStringEqual.ts": {"path":"/Users/lmonninger/Desktop/Dev/cogint/packages/Test/tulleries/src/Function/functionsStringEqual.ts","statementMap":{"0":{"start":{"line":7,"column":36},"end":{"line":11,"column":1}},"1":{"start":{"line":9,"column":4},"end":{"line":9,"column":41}}},"fnMap":{"0":{"name":"(anonymous_0)","decl":{"start":{"line":7,"column":36},"end":{"line":7,"column":37}},"loc":{"start":{"line":7,"column":66},"end":{"line":11,"column":1}},"line":7}},"branchMap":{},"s":{"0":1,"1":20001},"f":{"0":20001},"b":{},"_coverageSchema":"1a1c01bbd47fc00a2c39e90264f33305004495a9","hash":"b462effa3fa8dfb6e0dd526e0fc0f88ee4d6e6e4"}
,"/Users/lmonninger/Desktop/Dev/cogint/packages/Test/tulleries/src/Number/withPrecision.ts": {"path":"/Users/lmonninger/Desktop/Dev/cogint/packages/Test/tulleries/src/Number/withPrecision.ts","statementMap":{"0":{"start":{"line":1,"column":27},"end":{"line":3,"column":10}},"1":{"start":{"line":10,"column":29},"end":{"line":12,"column":1}},"2":{"start":{"line":10,"column":74},"end":{"line":12,"column":1}},"3":{"start":{"line":11,"column":4},"end":{"line":11,"column":38}}},"fnMap":{"0":{"name":"(anonymous_0)","decl":{"start":{"line":10,"column":29},"end":{"line":10,"column":30}},"loc":{"start":{"line":10,"column":74},"end":{"line":12,"column":1}},"line":10},"1":{"name":"(anonymous_1)","decl":{"start":{"line":10,"column":74},"end":{"line":10,"column":75}},"loc":{"start":{"line":10,"column":100},"end":{"line":12,"column":1}},"line":10}},"branchMap":{"0":{"loc":{"start":{"line":10,"column":30},"end":{"line":10,"column":71}},"type":"default-arg","locations":[{"start":{"line":10,"column":50},"end":{"line":10,"column":71}}],"line":10}},"s":{"0":1,"1":1,"2":16,"3":20015},"f":{"0":16,"1":20015},"b":{"0":[0]},"_coverageSchema":"1a1c01bbd47fc00a2c39e90264f33305004495a9","hash":"8ca60a4f18b237737ba4aadb8f82356490e9f29d"}
}
